INFO: [VRFC 10-2263] Analyzing Verilog file "D:/Project/JESD204B/JESD204B.gen/sources_1/ip/clk_wiz_0/clk_wiz_0_sim_netlist.v" into library xil_defaultlib
INFO: [VRFC 10-311] analyzing module clk_wiz_0
INFO: [VRFC 10-311] analyzing module clk_wiz_0_clk_wiz
INFO: [VRFC 10-311] analyzing module glbl
INFO: [VRFC 10-2263] Analyzing Verilog file "D:/Project/JESD204B/JESD204B.srcs/sources_1/new/BOTTOM.v" into library xil_defaultlib
INFO: [VRFC 10-311] analyzing module BOTTOM
INFO: [VRFC 10-2263] Analyzing Verilog file "D:/Project/JESD204B/JESD204B.srcs/sources_1/new/DATA_LINK.v" into library xil_defaultlib
INFO: [VRFC 10-311] analyzing module DATA_LINK
INFO: [VRFC 10-2263] Analyzing Verilog file "D:/Project/JESD204B/JESD204B.srcs/sources_1/new/DESER.v" into library xil_defaultlib
INFO: [VRFC 10-311] analyzing module DESER
INFO: [VRFC 10-2263] Analyzing Verilog file "D:/Project/JESD204B/JESD204B.srcs/sources_1/new/Data_Link_RX.v" into library xil_defaultlib
INFO: [VRFC 10-311] analyzing module Data_Link_RX
INFO: [VRFC 10-2263] Analyzing Verilog file "D:/Project/JESD204B/JESD204B.srcs/sources_1/new/RX_TRANSPORT.v" into library xil_defaultlib
INFO: [VRFC 10-311] analyzing module RX_TRANSPORT
INFO: [VRFC 10-2263] Analyzing Verilog file "D:/Project/JESD204B/JESD204B.srcs/sources_1/new/SER.v" into library xil_defaultlib
INFO: [VRFC 10-311] analyzing module SER
INFO: [VRFC 10-2263] Analyzing Verilog file "D:/Project/JESD204B/JESD204B.srcs/sources_1/new/TEST.v" into library xil_defaultlib
INFO: [VRFC 10-311] analyzing module TEST
INFO: [VRFC 10-2263] Analyzing Verilog file "D:/Project/JESD204B/JESD204B.srcs/sources_1/new/TOP.v" into library xil_defaultlib
INFO: [VRFC 10-311] analyzing module TOP
INFO: [VRFC 10-2263] Analyzing Verilog file "D:/Project/JESD204B/JESD204B.srcs/sources_1/new/TRANSPORT.v" into library xil_defaultlib
INFO: [VRFC 10-311] analyzing module TRANSPORT
INFO: [VRFC 10-2263] Analyzing Verilog file "D:/Project/JESD204B/JESD204B.srcs/sim_1/new/tb_TEST.v" into library xil_defaultlib
INFO: [VRFC 10-311] analyzing module tb_TEST
