#-----------------------------------------------------------
# Vivado v2024.2 (64-bit)
# SW Build 5239630 on Fri Nov 08 22:35:27 MST 2024
# IP Build 5239520 on Sun Nov 10 16:12:51 MST 2024
# SharedData Build 5239561 on Fri Nov 08 14:39:27 MST 2024
# Start of session at: Thu Aug 14 18:36:19 2025
# Process ID         : 15096
# Current directory  : D:/Project/JESD204B
# Command line       : vivado.exe -gui_launcher_event rodinguilauncherevent20400 D:\Project\JESD204B\JESD204B.xpr
# Log file           : D:/Project/JESD204B/vivado.log
# Journal file       : D:/Project/JESD204B\vivado.jou
# Running On         : HP-YD
# Platform           : Windows Server 2016 or Windows 10
# Operating System   : 26100
# Processor Detail   : AMD Ryzen 5 4600H with Radeon Graphics         
# CPU Frequency      : 2994 MHz
# CPU Physical cores : 6
# CPU Logical cores  : 12
# Host memory        : 16495 MB
# Swap memory        : 5368 MB
# Total Virtual      : 21864 MB
# Available Virtual  : 8119 MB
#-----------------------------------------------------------
start_gui
open_project D:/Project/JESD204B/JESD204B.xpr
WARNING: [Board 49-26] cannot add Board Part digilentinc.com:genesys2:part0:1.1 available at D:/Xilinx/Vivado/2024.2/data/boards/board_files/genesys2/H/board.xml as part xc7k325tffg900-2 specified in board_part file is either invalid or not available
WARNING: [Board 49-26] cannot add Board Part digilentinc.com:sword:part0:1.0 available at D:/Xilinx/Vivado/2024.2/data/boards/board_files/sword/C.0/board.xml as part xc7k325tffg900-2 specified in board_part file is either invalid or not available
Scanning sources...
Finished scanning sources
INFO: [IP_Flow 19-234] Refreshing IP repositories
INFO: [IP_Flow 19-1704] No user IP repositories specified
INFO: [IP_Flow 19-2313] Loaded Vivado IP repository 'D:/Xilinx/Vivado/2024.2/data/ip'.
open_project: Time (s): cpu = 00:00:25 ; elapsed = 00:00:15 . Memory (MB): peak = 1325.680 ; gain = 262.957
update_compile_order -fileset sources_1
reset_run synth_1
INFO: [Project 1-1161] Replacing file D:/Project/JESD204B/JESD204B.srcs/utils_1/imports/synth_1/LMFC_CLK.dcp with file D:/Project/JESD204B/JESD204B.runs/synth_1/TEST.dcp
reset_runs: Time (s): cpu = 00:00:07 ; elapsed = 00:00:21 . Memory (MB): peak = 1339.062 ; gain = 0.000
